\BOOKMARK [0][-]{chapter.1}{\376\377\000I\000n\000t\000r\000o\000d\000u\000c\000c\000i\000\363\000n}{}% 1
\BOOKMARK [1][-]{section.1.1}{\376\377\000C\000o\000n\000t\000e\000x\000t\000o}{chapter.1}% 2
\BOOKMARK [1][-]{section.1.2}{\376\377\000M\000o\000t\000i\000v\000a\000c\000i\000\363\000n}{chapter.1}% 3
\BOOKMARK [1][-]{section.1.3}{\376\377\000O\000b\000j\000e\000t\000i\000v\000o\000s}{chapter.1}% 4
\BOOKMARK [1][-]{section.1.4}{\376\377\000C\000o\000n\000t\000r\000i\000b\000u\000c\000i\000o\000n\000e\000s}{chapter.1}% 5
\BOOKMARK [0][-]{chapter.2}{\376\377\000M\000a\000r\000c\000o\000\040\000T\000e\000\363\000r\000i\000c\000o}{}% 6
\BOOKMARK [1][-]{section.2.1}{\376\377\000A\000b\000s\000t\000r\000a\000c\000c\000i\000o\000n\000e\000s\000\040\000F\000u\000n\000c\000i\000o\000n\000a\000l\000e\000s\000\040\000d\000e\000\040\000H\000a\000s\000k\000e\000l\000l}{chapter.2}% 7
\BOOKMARK [2][-]{subsection.2.1.1}{\376\377\000F\000u\000n\000c\000t\000o\000r\000e\000s}{section.2.1}% 8
\BOOKMARK [2][-]{subsection.2.1.2}{\376\377\000A\000p\000l\000i\000c\000a\000t\000i\000v\000o\000s}{section.2.1}% 9
\BOOKMARK [2][-]{subsection.2.1.3}{\376\377\000M\000\363\000n\000a\000d\000a\000s}{section.2.1}% 10
\BOOKMARK [1][-]{section.2.2}{\376\377\000D\000o\000-\000N\000o\000t\000a\000t\000i\000o\000n}{chapter.2}% 11
\BOOKMARK [1][-]{section.2.3}{\376\377\000M\000\363\000n\000a\000d\000a\000s\000\040\000C\000o\000n\000m\000u\000t\000a\000t\000i\000v\000a\000s}{chapter.2}% 12
\BOOKMARK [1][-]{section.2.4}{\376\377\000M\000\363\000n\000a\000d\000a\000s\000\040\000d\000e\000\040\000P\000r\000o\000b\000a\000b\000i\000l\000i\000d\000a\000d}{chapter.2}% 13
\BOOKMARK [1][-]{section.2.5}{\376\377\000A\000p\000p\000l\000i\000c\000a\000t\000i\000v\000e\000D\000o}{chapter.2}% 14
\BOOKMARK [0][-]{chapter.3}{\376\377\000P\000r\000o\000b\000l\000e\000m\000a}{}% 15
\BOOKMARK [1][-]{section.3.1}{\376\377\000L\000i\000m\000i\000t\000a\000c\000i\000\363\000n\000\040\000d\000e\000l\000\040\000O\000r\000d\000e\000n\000\040\000S\000i\000n\000t\000\341\000c\000t\000i\000c\000o}{chapter.3}% 16
\BOOKMARK [1][-]{section.3.2}{\376\377\000E\000j\000e\000c\000u\000c\000i\000\363\000n\000\040\000S\000e\000c\000u\000e\000n\000c\000i\000a\000l}{chapter.3}% 17
\BOOKMARK [1][-]{section.3.3}{\376\377\000A\000p\000p\000l\000i\000c\000a\000t\000i\000v\000e\000D\000o\000\040\000A\000c\000t\000u\000a\000l}{chapter.3}% 18
\BOOKMARK [1][-]{section.3.4}{\376\377\000P\000l\000a\000n\000\040\000c\000o\000n\000\040\000R\000e\000o\000r\000d\000e\000n\000a\000m\000i\000e\000n\000t\000o}{chapter.3}% 19
\BOOKMARK [1][-]{section.3.5}{\376\377\000F\000o\000r\000m\000u\000l\000a\000c\000i\000\363\000n}{chapter.3}% 20
\BOOKMARK [0][-]{chapter.4}{\376\377\000S\000o\000l\000u\000c\000i\000\363\000n}{}% 21
\BOOKMARK [1][-]{section.4.1}{\376\377\000V\000i\000s\000i\000\363\000n\000\040\000G\000e\000n\000e\000r\000a\000l}{chapter.4}% 22
\BOOKMARK [1][-]{section.4.2}{\376\377\000Q\000u\000a\000l\000i\000f\000i\000e\000d\000D\000o}{chapter.4}% 23
\BOOKMARK [1][-]{section.4.3}{\376\377\000I\000n\000f\000o\000r\000m\000a\000c\000i\000\363\000n\000\040\000d\000e\000l\000\040\000R\000e\000n\000a\000m\000e\000r}{chapter.4}% 24
\BOOKMARK [1][-]{section.4.4}{\376\377\000D\000e\000p\000e\000n\000d\000e\000n\000c\000i\000a\000s\000\040\000D\000e\000f\000-\000U\000s\000e\000\040\000y\000\040\000G\000r\000a\000f\000o\000\040\000R\000A\000W}{chapter.4}% 25
\BOOKMARK [1][-]{section.4.5}{\376\377\000P\000e\000r\000m\000u\000t\000a\000c\000i\000o\000n\000e\000s}{chapter.4}% 26
\BOOKMARK [1][-]{section.4.6}{\376\377\000E\000v\000a\000l\000u\000a\000c\000i\000\363\000n\000\040\000d\000e\000\040\000C\000a\000n\000d\000i\000d\000a\000t\000o\000s}{chapter.4}% 27
\BOOKMARK [1][-]{section.4.7}{\376\377\000S\000e\000l\000e\000c\000c\000i\000\363\000n}{chapter.4}% 28
\BOOKMARK [1][-]{section.4.8}{\376\377\000I\000n\000t\000e\000g\000r\000a\000c\000i\000\363\000n\000\040\000e\000n\000\040\000G\000H\000C}{chapter.4}% 29
\BOOKMARK [1][-]{section.4.9}{\376\377\000S\000e\000l\000e\000c\000c\000i\000\363\000n\000\040\000F\000o\000r\000z\000a\000d\000a}{chapter.4}% 30
\BOOKMARK [0][-]{chapter.5}{\376\377\000V\000a\000l\000i\000d\000a\000c\000i\000\363\000n}{}% 31
\BOOKMARK [1][-]{section.5.1}{\376\377\000M\000e\000t\000o\000d\000o\000l\000o\000g\000\355\000a}{chapter.5}% 32
\BOOKMARK [1][-]{section.5.2}{\376\377\000A\000r\000t\000e\000f\000a\000c\000t\000o\000s\000\040\000d\000e\000\040\000V\000a\000l\000i\000d\000a\000c\000i\000\363\000n}{chapter.5}% 33
\BOOKMARK [1][-]{section.5.3}{\376\377\000M\000\351\000t\000r\000i\000c\000a\000s}{chapter.5}% 34
\BOOKMARK [1][-]{section.5.4}{\376\377\000C\000o\000r\000p\000u\000s\000\040\000S\000i\000n\000t\000\351\000t\000i\000c\000o\000\040\000M\000a\000y\000b\000e}{chapter.5}% 35
\BOOKMARK [1][-]{section.5.5}{\376\377\000C\000o\000r\000p\000u\000s\000\040\000S\000i\000n\000t\000\351\000t\000i\000c\000o\000\040\000P\000r\000o\000b\000a\000b\000i\000l\000\355\000s\000t\000i\000c\000o}{chapter.5}% 36
\BOOKMARK [1][-]{section.5.6}{\376\377\000C\000o\000r\000p\000u\000s\000\040\000R\000e\000a\000l}{chapter.5}% 37
\BOOKMARK [1][-]{section.5.7}{\376\377\000C\000o\000n\000t\000r\000o\000l\000\040\000I\000O}{chapter.5}% 38
\BOOKMARK [1][-]{section.5.8}{\376\377\000R\000e\000s\000u\000l\000t\000a\000d\000o\000s}{chapter.5}% 39
\BOOKMARK [1][-]{section.5.9}{\376\377\000A\000m\000e\000n\000a\000z\000a\000s\000\040\000a\000\040\000l\000a\000\040\000V\000a\000l\000i\000d\000e\000z}{chapter.5}% 40
\BOOKMARK [0][-]{chapter.6}{\376\377\000C\000o\000n\000c\000l\000u\000s\000i\000\363\000n}{}% 41
\BOOKMARK [1][-]{section.6.1}{\376\377\000R\000e\000s\000u\000m\000e\000n\000\040\000d\000e\000l\000\040\000T\000r\000a\000b\000a\000j\000o}{chapter.6}% 42
\BOOKMARK [1][-]{section.6.2}{\376\377\000C\000u\000m\000p\000l\000i\000m\000i\000e\000n\000t\000o\000\040\000d\000e\000\040\000O\000b\000j\000e\000t\000i\000v\000o\000s}{chapter.6}% 43
\BOOKMARK [1][-]{section.6.3}{\376\377\000L\000i\000m\000i\000t\000a\000c\000i\000o\000n\000e\000s}{chapter.6}% 44
\BOOKMARK [1][-]{section.6.4}{\376\377\000T\000r\000a\000b\000a\000j\000o\000\040\000F\000u\000t\000u\000r\000o}{chapter.6}% 45
\BOOKMARK [1][-]{section.6.5}{\376\377\000C\000i\000e\000r\000r\000e}{chapter.6}% 46
\BOOKMARK [0][-]{chapter*.8}{\376\377\000B\000i\000b\000l\000i\000o\000g\000r\000a\000f\000\355\000a}{}% 47
\BOOKMARK [0][-]{Appendix.1.Alph1}{\376\377\000A\000p\000\351\000n\000d\000i\000c\000e\000\040\000A\000n\000e\000x\000o\000s\000\040\000T\000\351\000c\000n\000i\000c\000o\000s}{}% 48
\BOOKMARK [1][-]{section.1.Alph1.1}{\376\377\000R\000e\000p\000r\000o\000d\000u\000c\000i\000b\000i\000l\000i\000d\000a\000d}{Appendix.1.Alph1}% 49
\BOOKMARK [1][-]{section.1.Alph1.2}{\376\377\000P\000i\000p\000e\000l\000i\000n\000e\000\040\000d\000e\000\040\000V\000a\000l\000i\000d\000a\000c\000i\000\363\000n}{Appendix.1.Alph1}% 50
\BOOKMARK [1][-]{section.1.Alph1.3}{\376\377\000L\000o\000g\000s\000\040\000y\000\040\000T\000r\000a\000z\000a\000s}{Appendix.1.Alph1}% 51
\BOOKMARK [1][-]{section.1.Alph1.4}{\376\377\000C\000o\000r\000p\000u\000s}{Appendix.1.Alph1}% 52
\BOOKMARK [1][-]{section.1.Alph1.5}{\376\377\000D\000e\000t\000a\000l\000l\000e\000s\000\040\000d\000e\000\040\000I\000m\000p\000l\000e\000m\000e\000n\000t\000a\000c\000i\000\363\000n}{Appendix.1.Alph1}% 53
