= CD.do
  x1 <- Just 10
  x2 <- Just 5
  x3 <- safeDiv x1 2
  x4 <- Just (x2 + 15)
  CD.return (x3 + x4)

rearrangeForADo-commutative-do commutative-do = True
rearrangeForADo-StmtsDependencyGraph
rearrangeForADo-dep
  pair           = 1  ->  3
  RAW            = {x1_a1T4}
  WAR            = {}
  WAW            = {}
rearrangeForADo-dep
  pair           = 2  ->  4
  RAW            = {x2_a1T5}
  WAR            = {}
  WAW            = {}
rearrangeForADo-permutation
  candidate   =  0
  index order =  [1, 2, 3, 4]
  statements  =  [x1_a1T4 <- Just 10, x2_a1T5 <- Just 5,
                  x3_a1T6 <- safeDiv x1_a1T4 2, x4_a1T7 <- Just (x2_a1T5 + 15)]
  rearrangeForADo-resulting tree =
    (StmtTreeBind
       (StmtTreeApplicative
          (StmtTreeOne (x1_a1T4 <- Just 10, {Just}))
          (StmtTreeOne (x2_a1T5 <- Just 5, {Just})))
       (StmtTreeApplicative
          (StmtTreeOne (x3_a1T6 <- safeDiv x1_a1T4 2, {x1_a1T4, safeDiv}))
          (StmtTreeOne (x4_a1T7 <- Just (x2_a1T5 + 15),
                        {Just, x2_a1T5, +}))))
  actual cost = 2
rearrangeForADo-permutation
  candidate   =  1
  index order =  [1, 2, 4, 3]
  statements  =  [x1_a1T4 <- Just 10, x2_a1T5 <- Just 5,
                  x4_a1T7 <- Just (x2_a1T5 + 15), x3_a1T6 <- safeDiv x1_a1T4 2]
  rearrangeForADo-resulting tree =
    (StmtTreeBind
       (StmtTreeApplicative
          (StmtTreeOne (x1_a1T4 <- Just 10, {Just}))
          (StmtTreeOne (x2_a1T5 <- Just 5, {Just})))
       (StmtTreeApplicative
          (StmtTreeOne (x4_a1T7 <- Just (x2_a1T5 + 15), {Just, x2_a1T5, +}))
          (StmtTreeOne (x3_a1T6 <- safeDiv x1_a1T4 2, {x1_a1T4, safeDiv}))))
  actual cost = 2
rearrangeForADo-permutation
  candidate   =  2
  index order =  [1, 3, 2, 4]
  statements  =  [x1_a1T4 <- Just 10, x3_a1T6 <- safeDiv x1_a1T4 2,
                  x2_a1T5 <- Just 5, x4_a1T7 <- Just (x2_a1T5 + 15)]
  rearrangeForADo-resulting tree =
    (StmtTreeApplicative
       (StmtTreeBind
          (StmtTreeOne (x1_a1T4 <- Just 10, {Just}))
          (StmtTreeOne (x3_a1T6 <- safeDiv x1_a1T4 2, {x1_a1T4, safeDiv})))
       (StmtTreeBind
          (StmtTreeOne (x2_a1T5 <- Just 5, {Just}))
          (StmtTreeOne (x4_a1T7 <- Just (x2_a1T5 + 15),
                        {Just, x2_a1T5, +}))))
  actual cost = 2
rearrangeForADo-permutation
  candidate   =  3
  index order =  [2, 1, 3, 4]
  statements  =  [x2_a1T5 <- Just 5, x1_a1T4 <- Just 10,
                  x3_a1T6 <- safeDiv x1_a1T4 2, x4_a1T7 <- Just (x2_a1T5 + 15)]
  rearrangeForADo-resulting tree =
    (StmtTreeBind
       (StmtTreeApplicative
          (StmtTreeOne (x2_a1T5 <- Just 5, {Just}))
          (StmtTreeOne (x1_a1T4 <- Just 10, {Just})))
       (StmtTreeApplicative
          (StmtTreeOne (x3_a1T6 <- safeDiv x1_a1T4 2, {x1_a1T4, safeDiv}))
          (StmtTreeOne (x4_a1T7 <- Just (x2_a1T5 + 15),
                        {Just, x2_a1T5, +}))))
  actual cost = 2
rearrangeForADo-permutation
  candidate   =  4
  index order =  [2, 1, 4, 3]
  statements  =  [x2_a1T5 <- Just 5, x1_a1T4 <- Just 10,
                  x4_a1T7 <- Just (x2_a1T5 + 15), x3_a1T6 <- safeDiv x1_a1T4 2]
  rearrangeForADo-resulting tree =
    (StmtTreeBind
       (StmtTreeApplicative
          (StmtTreeOne (x2_a1T5 <- Just 5, {Just}))
          (StmtTreeOne (x1_a1T4 <- Just 10, {Just})))
       (StmtTreeApplicative
          (StmtTreeOne (x4_a1T7 <- Just (x2_a1T5 + 15), {Just, x2_a1T5, +}))
          (StmtTreeOne (x3_a1T6 <- safeDiv x1_a1T4 2, {x1_a1T4, safeDiv}))))
  actual cost = 2
rearrangeForADo-permutation
  candidate   =  5
  index order =  [2, 4, 1, 3]
  statements  =  [x2_a1T5 <- Just 5, x4_a1T7 <- Just (x2_a1T5 + 15),
                  x1_a1T4 <- Just 10, x3_a1T6 <- safeDiv x1_a1T4 2]
  rearrangeForADo-resulting tree =
    (StmtTreeApplicative
       (StmtTreeBind
          (StmtTreeOne (x2_a1T5 <- Just 5, {Just}))
          (StmtTreeOne (x4_a1T7 <- Just (x2_a1T5 + 15), {Just, x2_a1T5, +})))
       (StmtTreeBind
          (StmtTreeOne (x1_a1T4 <- Just 10, {Just}))
          (StmtTreeOne (x3_a1T6 <- safeDiv x1_a1T4 2, {x1_a1T4, safeDiv}))))
  actual cost = 2
rearrangeForADo candidate selection tree (fado-reorder-candidate-n) =
  candidate   =  4
  index order =  [2, 1, 4, 3]
  statements  =  [x2_a1T5 <- Just 5, x1_a1T4 <- Just 10,
                  x4_a1T7 <- Just (x2_a1T5 + 15), x3_a1T6 <- safeDiv x1_a1T4 2]
  rearrangeForADo-resulting tree =
    (StmtTreeBind
       (StmtTreeApplicative
          (StmtTreeOne (x2_a1T5 <- Just 5, {Just}))
          (StmtTreeOne (x1_a1T4 <- Just 10, {Just})))
       (StmtTreeApplicative
          (StmtTreeOne (x4_a1T7 <- Just (x2_a1T5 + 15), {Just, x2_a1T5, +}))
          (StmtTreeOne (x3_a1T6 <- safeDiv x1_a1T4 2, {x1_a1T4, safeDiv}))))
  rearrangeForADo-Summary=
  minimal-cost-index-perm   = 0
  original-cost             = 2
  minimum-cost              = 2
  generated permutations    = 6
  minimum-cost permutations = 6
